<?xml version="1.0" encoding="UTF-8"?>
<!-- Generated by org.testng.reporters.JUnitReportReporter -->
<testsuite name="org.testngdemo.A" tests="1" time="0.012" ignored="0" failures="0" timestamp="27 Sep 2023 05:44:56 GMT" skipped="0" hostname="DESKTOP-D0IPNU4" errors="0">
  <testcase name="tc1" time="0.012" classname="org.testngdemo.A"/>
</testsuite> <!-- org.testngdemo.A -->
