<?xml version="1.0" encoding="UTF-8"?>
<!-- Generated by org.testng.reporters.JUnitReportReporter -->
<testsuite name="org.testngdemo.SampleAdactinHotel" tests="4" time="15.092" ignored="0" failures="0" timestamp="07 Sep 2023 13:17:16 GMT" skipped="0" hostname="DESKTOP-D0IPNU4" errors="0">
  <testcase name="tc2" time="4.956" classname="org.testngdemo.SampleAdactinHotel"/>
  <testcase name="tc3" time="2.305" classname="org.testngdemo.SampleAdactinHotel"/>
  <testcase name="tc4" time="6.067" classname="org.testngdemo.SampleAdactinHotel"/>
  <testcase name="tc1" time="1.764" classname="org.testngdemo.SampleAdactinHotel"/>
</testsuite> <!-- org.testngdemo.SampleAdactinHotel -->
