<?xml version="1.0" encoding="UTF-8"?>
<!-- Generated by org.testng.reporters.JUnitReportReporter -->
<testsuite name="org.smarttestng.Sample" tests="3" time="0.006" ignored="0" failures="0" timestamp="08 Jan 2024 09:34:03 GMT" skipped="0" hostname="DESKTOP-D0IPNU4" errors="0">
  <testcase name="tc3" time="0.000" classname="org.smarttestng.Sample"/>
  <testcase name="tc2" time="0.001" classname="org.smarttestng.Sample"/>
  <testcase name="tc1" time="0.005" classname="org.smarttestng.Sample"/>
</testsuite> <!-- org.smarttestng.Sample -->
