<?xml version="1.0" encoding="UTF-8"?>
<!-- Generated by org.testng.reporters.JUnitReportReporter -->
<testsuite skipped="1" hostname="DESKTOP-D0IPNU4" name="org.testngsmart.AdactinHotel" tests="2" failures="0" timestamp="13 Jan 2024 11:15:49 GMT" time="0.003" errors="1">
  <testcase name="testCase1" time="0.003" classname="org.testngsmart.AdactinHotel">
    <skipped/>
  </testcase> <!-- testCase1 -->
  <testcase name="browserLaunch" time="0.000" classname="org.testngsmart.AdactinHotel">
    <error type="java.lang.StackOverflowError">
      <![CDATA[java.lang.StackOverflowError
	at org.testngsmart.AdactinHotel.browserLaunch(AdactinHotel.java:15)
	at org.testngsmart.AdactinHotel.browserLaunch(AdactinHotel.java:15)
	at org.testngsmart.AdactinHotel.browserLaunch(AdactinHotel.java:15)
	at org.testngsmart.AdactinHotel.browserLaunch(AdactinHotel.java:15)
	at org.testngsmart.AdactinHotel.browserLaunch(AdactinHotel.java:15)
	at org.testngsmart.AdactinHotel.browserLaunch(AdactinHotel.java:15)
	at org.testngsmart.AdactinHotel.browserLaunch(AdactinHotel.java:15)
	at org.testngsmart.AdactinHotel.browserLaunch(AdactinHotel.java:15)
	at org.testngsmart.AdactinHotel.browserLaunch(AdactinHotel.java:15)
	at org.testngsmart.AdactinHotel.browserLaunch(AdactinHotel.java:15)
	at org.testngsmart.AdactinHotel.browserLaunch(AdactinHotel.java:15)
	at org.testngsmart.AdactinHotel.browserLaunch(AdactinHotel.java:15)
	at org.testngsmart.AdactinHotel.browserLaunch(AdactinHotel.java:15)
	at org.testngsmart.AdactinHotel.browserLaunch(AdactinHotel.java:15)
	at org.testngsmart.AdactinHotel.browserLaunch(AdactinHotel.java:15)
	at org.testngsmart.AdactinHotel.browserLaunch(AdactinHotel.java:15)
	at org.testngsmart.AdactinHotel.browserLaunch(AdactinHotel.java:15)
	at org.testngsmart.AdactinHotel.browserLaunch(AdactinHotel.java:15)
	at org.testngsmart.AdactinHotel.browserLaunch(AdactinHotel.java:15)
	at org.testngsmart.AdactinHotel.browserLaunch(AdactinHotel.java:15)
	at org.testngsmart.AdactinHotel.browserLaunch(AdactinHotel.java:15)
	at org.testngsmart.AdactinHotel.browserLaunch(AdactinHotel.java:15)
	at org.testngsmart.AdactinHotel.browserLaunch(AdactinHotel.java:15)
	at org.testngsmart.AdactinHotel.browserLaunch(AdactinHotel.java:15)
	at org.testngsmart.AdactinHotel.browserLaunch(AdactinHotel.java:15)
	at org.testngsmart.AdactinHotel.browserLaunch(AdactinHotel.java:15)
	at org.testngsmart.AdactinHotel.browserLaunch(AdactinHotel.java:15)
	at org.testngsmart.AdactinHotel.browserLaunch(AdactinHotel.java:15)
	at org.testngsmart.AdactinHotel.browserLaunch(AdactinHotel.java:15)
	at org.testngsmart.AdactinHotel.browserLaunch(AdactinHotel.java:15)
	at org.testngsmart.AdactinHotel.browserLaunch(AdactinHotel.java:15)
	at org.testngsmart.AdactinHotel.browserLaunch(AdactinHotel.java:15)
	at org.testngsmart.AdactinHotel.browserLaunch(AdactinHotel.java:15)
	at org.testngsmart.AdactinHotel.browserLaunch(AdactinHotel.java:15)
	at org.testngsmart.AdactinHotel.browserLaunch(AdactinHotel.java:15)
	at org.testngsmart.AdactinHotel.browserLaunch(AdactinHotel.java:15)
	at org.testngsmart.AdactinHotel.browserLaunch(AdactinHotel.java:15)
	at org.testngsmart.AdactinHotel.browserLaunch(AdactinHotel.java:15)
	at org.testngsmart.AdactinHotel.browserLaunch(AdactinHotel.java:15)
	at org.testngsmart.AdactinHotel.browserLaunch(AdactinHotel.java:15)
	at org.testngsmart.AdactinHotel.browserLaunch(AdactinHotel.java:15)
	at org.testngsmart.AdactinHotel.browserLaunch(AdactinHotel.java:15)
	at org.testngsmart.AdactinHotel.browserLaunch(AdactinHotel.java:15)
	at org.testngsmart.AdactinHotel.browserLaunch(AdactinHotel.java:15)
	at org.testngsmart.AdactinHotel.browserLaunch(AdactinHotel.java:15)
	at org.testngsmart.AdactinHotel.browserLaunch(AdactinHotel.java:15)
	at org.testngsmart.AdactinHotel.browserLaunch(AdactinHotel.java:15)
	at org.testngsmart.AdactinHotel.browserLaunch(AdactinHotel.java:15)
	at org.testngsmart.AdactinHotel.browserLaunch(AdactinHotel.java:15)
	at org.testngsmart.AdactinHotel.browserLaunch(AdactinHotel.java:15)
	at org.testngsmart.AdactinHotel.browserLaunch(AdactinHotel.java:15)
	at org.testngsmart.AdactinHotel.browserLaunch(AdactinHotel.java:15)
	at org.testngsmart.AdactinHotel.browserLaunch(AdactinHotel.java:15)
	at org.testngsmart.AdactinHotel.browserLaunch(AdactinHotel.java:15)
	at org.testngsmart.AdactinHotel.browserLaunch(AdactinHotel.java:15)
	at org.testngsmart.AdactinHotel.browserLaunch(AdactinHotel.java:15)
	at org.testngsmart.AdactinHotel.browserLaunch(AdactinHotel.java:15)
	at org.testngsmart.AdactinHotel.browserLaunch(AdactinHotel.java:15)
	at org.testngsmart.AdactinHotel.browserLaunch(AdactinHotel.java:15)
	at org.testngsmart.AdactinHotel.browserLaunch(AdactinHotel.java:15)
	at org.testngsmart.AdactinHotel.browserLaunch(AdactinHotel.java:15)
	at org.testngsmart.AdactinHotel.browserLaunch(AdactinHotel.java:15)
	at org.testngsmart.AdactinHotel.browserLaunch(AdactinHotel.java:15)
	at org.testngsmart.AdactinHotel.browserLaunch(AdactinHotel.java:15)
	at org.testngsmart.AdactinHotel.browserLaunch(AdactinHotel.java:15)
	at org.testngsmart.AdactinHotel.browserLaunch(AdactinHotel.java:15)
	at org.testngsmart.AdactinHotel.browserLaunch(AdactinHotel.java:15)
	at org.testngsmart.AdactinHotel.browserLaunch(AdactinHotel.java:15)
	at org.testngsmart.AdactinHotel.browserLaunch(AdactinHotel.java:15)
	at org.testngsmart.AdactinHotel.browserLaunch(AdactinHotel.java:15)
	at org.testngsmart.AdactinHotel.browserLaunch(AdactinHotel.java:15)
	at org.testngsmart.AdactinHotel.browserLaunch(AdactinHotel.java:15)
	at org.testngsmart.AdactinHotel.browserLaunch(AdactinHotel.java:15)
	at org.testngsmart.AdactinHotel.browserLaunch(AdactinHotel.java:15)
	at org.testngsmart.AdactinHotel.browserLaunch(AdactinHotel.java:15)
	at org.testngsmart.AdactinHotel.browserLaunch(AdactinHotel.java:15)
	at org.testngsmart.AdactinHotel.browserLaunch(AdactinHotel.java:15)
	at org.testngsmart.AdactinHotel.browserLaunch(AdactinHotel.java:15)
	at org.testngsmart.AdactinHotel.browserLaunch(AdactinHotel.java:15)
	at org.testngsmart.AdactinHotel.browserLaunch(AdactinHotel.java:15)
	at org.testngsmart.AdactinHotel.browserLaunch(AdactinHotel.java:15)
	at org.testngsmart.AdactinHotel.browserLaunch(AdactinHotel.java:15)
	at org.testngsmart.AdactinHotel.browserLaunch(AdactinHotel.java:15)
	at org.testngsmart.AdactinHotel.browserLaunch(AdactinHotel.java:15)
	at org.testngsmart.AdactinHotel.browserLaunch(AdactinHotel.java:15)
	at org.testngsmart.AdactinHotel.browserLaunch(AdactinHotel.java:15)
	at org.testngsmart.AdactinHotel.browserLaunch(AdactinHotel.java:15)
	at org.testngsmart.AdactinHotel.browserLaunch(AdactinHotel.java:15)
	at org.testngsmart.AdactinHotel.browserLaunch(AdactinHotel.java:15)
	at org.testngsmart.AdactinHotel.browserLaunch(AdactinHotel.java:15)
	at org.testngsmart.AdactinHotel.browserLaunch(AdactinHotel.java:15)
	at org.testngsmart.AdactinHotel.browserLaunch(AdactinHotel.java:15)
	at org.testngsmart.AdactinHotel.browserLaunch(AdactinHotel.java:15)
	at org.testngsmart.AdactinHotel.browserLaunch(AdactinHotel.java:15)
	at org.testngsmart.AdactinHotel.browserLaunch(AdactinHotel.java:15)
	at org.testngsmart.AdactinHotel.browserLaunch(AdactinHotel.java:15)
	at org.testngsmart.AdactinHotel.browserLaunch(AdactinHotel.java:15)
	at org.testngsmart.AdactinHotel.browserLaunch(AdactinHotel.java:15)
	at org.testngsmart.AdactinHotel.browserLaunch(AdactinHotel.java:15)
	at org.testngsmart.AdactinHotel.browserLaunch(AdactinHotel.java:15)
	at org.testngsmart.AdactinHotel.browserLaunch(AdactinHotel.java:15)
	at org.testngsmart.AdactinHotel.browserLaunch(AdactinHotel.java:15)
	at org.testngsmart.AdactinHotel.browserLaunch(AdactinHotel.java:15)
	at org.testngsmart.AdactinHotel.browserLaunch(AdactinHotel.java:15)
	at org.testngsmart.AdactinHotel.browserLaunch(AdactinHotel.java:15)
	at org.testngsmart.AdactinHotel.browserLaunch(AdactinHotel.java:15)
	at org.testngsmart.AdactinHotel.browserLaunch(AdactinHotel.java:15)
	at org.testngsmart.AdactinHotel.browserLaunch(AdactinHotel.java:15)
	at org.testngsmart.AdactinHotel.browserLaunch(AdactinHotel.java:15)
	at org.testngsmart.AdactinHotel.browserLaunch(AdactinHotel.java:15)
	at org.testngsmart.AdactinHotel.browserLaunch(AdactinHotel.java:15)
	at org.testngsmart.AdactinHotel.browserLaunch(AdactinHotel.java:15)
	at org.testngsmart.AdactinHotel.browserLaunch(AdactinHotel.java:15)
	at org.testngsmart.AdactinHotel.browserLaunch(AdactinHotel.java:15)
	at org.testngsmart.AdactinHotel.browserLaunch(AdactinHotel.java:15)
	at org.testngsmart.AdactinHotel.browserLaunch(AdactinHotel.java:15)
	at org.testngsmart.AdactinHotel.browserLaunch(AdactinHotel.java:15)
	at org.testngsmart.AdactinHotel.browserLaunch(AdactinHotel.java:15)
	at org.testngsmart.AdactinHotel.browserLaunch(AdactinHotel.java:15)
	at org.testngsmart.AdactinHotel.browserLaunch(AdactinHotel.java:15)
	at org.testngsmart.AdactinHotel.browserLaunch(AdactinHotel.java:15)
	at org.testngsmart.AdactinHotel.browserLaunch(AdactinHotel.java:15)
	at org.testngsmart.AdactinHotel.browserLaunch(AdactinHotel.java:15)
	at org.testngsmart.AdactinHotel.browserLaunch(AdactinHotel.java:15)
	at org.testngsmart.AdactinHotel.browserLaunch(AdactinHotel.java:15)
	at org.testngsmart.AdactinHotel.browserLaunch(AdactinHotel.java:15)
	at org.testngsmart.AdactinHotel.browserLaunch(AdactinHotel.java:15)
	at org.testngsmart.AdactinHotel.browserLaunch(AdactinHotel.java:15)
	at org.testngsmart.AdactinHotel.browserLaunch(AdactinHotel.java:15)
	at org.testngsmart.AdactinHotel.browserLaunch(AdactinHotel.java:15)
	at org.testngsmart.AdactinHotel.browserLaunch(AdactinHotel.java:15)
	at org.testngsmart.AdactinHotel.browserLaunch(AdactinHotel.java:15)
	at org.testngsmart.AdactinHotel.browserLaunch(AdactinHotel.java:15)
	at org.testngsmart.AdactinHotel.browserLaunch(AdactinHotel.java:15)
	at org.testngsmart.AdactinHotel.browserLaunch(AdactinHotel.java:15)
	at org.testngsmart.AdactinHotel.browserLaunch(AdactinHotel.java:15)
	at org.testngsmart.AdactinHotel.browserLaunch(AdactinHotel.java:15)
	at org.testngsmart.AdactinHotel.browserLaunch(AdactinHotel.java:15)
	at org.testngsmart.AdactinHotel.browserLaunch(AdactinHotel.java:15)
	at org.testngsmart.AdactinHotel.browserLaunch(AdactinHotel.java:15)
	at org.testngsmart.AdactinHotel.browserLaunch(AdactinHotel.java:15)
	at org.testngsmart.AdactinHotel.browserLaunch(AdactinHotel.java:15)
	at org.testngsmart.AdactinHotel.browserLaunch(AdactinHotel.java:15)
	at org.testngsmart.AdactinHotel.browserLaunch(AdactinHotel.java:15)
	at org.testngsmart.AdactinHotel.browserLaunch(AdactinHotel.java:15)
	at org.testngsmart.AdactinHotel.browserLaunch(AdactinHotel.java:15)
	at org.testngsmart.AdactinHotel.browserLaunch(AdactinHotel.java:15)
	at org.testngsmart.AdactinHotel.browserLaunch(AdactinHotel.java:15)
	at org.testngsmart.AdactinHotel.browserLaunch(AdactinHotel.java:15)
	at org.testngsmart.AdactinHotel.browserLaunch(AdactinHotel.java:15)
	at org.testngsmart.AdactinHotel.browserLaunch(AdactinHotel.java:15)
	at org.testngsmart.AdactinHotel.browserLaunch(AdactinHotel.java:15)
	at org.testngsmart.AdactinHotel.browserLaunch(AdactinHotel.java:15)
	at org.testngsmart.AdactinHotel.browserLaunch(AdactinHotel.java:15)
	at org.testngsmart.AdactinHotel.browserLaunch(AdactinHotel.java:15)
	at org.testngsmart.AdactinHotel.browserLaunch(AdactinHotel.java:15)
	at org.testngsmart.AdactinHotel.browserLaunch(AdactinHotel.java:15)
	at org.testngsmart.AdactinHotel.browserLaunch(AdactinHotel.java:15)
	at org.testngsmart.AdactinHotel.browserLaunch(AdactinHotel.java:15)
	at org.testngsmart.AdactinHotel.browserLaunch(AdactinHotel.java:15)
	at org.testngsmart.AdactinHotel.browserLaunch(AdactinHotel.java:15)
	at org.testngsmart.AdactinHotel.browserLaunch(AdactinHotel.java:15)
	at org.testngsmart.AdactinHotel.browserLaunch(AdactinHotel.java:15)
	at org.testngsmart.AdactinHotel.browserLaunch(AdactinHotel.java:15)
	at org.testngsmart.AdactinHotel.browserLaunch(AdactinHotel.java:15)
	at org.testngsmart.AdactinHotel.browserLaunch(AdactinHotel.java:15)
	at org.testngsmart.AdactinHotel.browserLaunch(AdactinHotel.java:15)
	at org.testngsmart.AdactinHotel.browserLaunch(AdactinHotel.java:15)
	at org.testngsmart.AdactinHotel.browserLaunch(AdactinHotel.java:15)
	at org.testngsmart.AdactinHotel.browserLaunch(AdactinHotel.java:15)
	at org.testngsmart.AdactinHotel.browserLaunch(AdactinHotel.java:15)
	at org.testngsmart.AdactinHotel.browserLaunch(AdactinHotel.java:15)
	at org.testngsmart.AdactinHotel.browserLaunch(AdactinHotel.java:15)
	at org.testngsmart.AdactinHotel.browserLaunch(AdactinHotel.java:15)
	at org.testngsmart.AdactinHotel.browserLaunch(AdactinHotel.java:15)
	at org.testngsmart.AdactinHotel.browserLaunch(AdactinHotel.java:15)
	at org.testngsmart.AdactinHotel.browserLaunch(AdactinHotel.java:15)
	at org.testngsmart.AdactinHotel.browserLaunch(AdactinHotel.java:15)
	at org.testngsmart.AdactinHotel.browserLaunch(AdactinHotel.java:15)
	at org.testngsmart.AdactinHotel.browserLaunch(AdactinHotel.java:15)
	at org.testngsmart.AdactinHotel.browserLaunch(AdactinHotel.java:15)
	at org.testngsmart.AdactinHotel.browserLaunch(AdactinHotel.java:15)
	at org.testngsmart.AdactinHotel.browserLaunch(AdactinHotel.java:15)
	at org.testngsmart.AdactinHotel.browserLaunch(AdactinHotel.java:15)
	at org.testngsmart.AdactinHotel.browserLaunch(AdactinHotel.java:15)
	at org.testngsmart.AdactinHotel.browserLaunch(AdactinHotel.java:15)
	at org.testngsmart.AdactinHotel.browserLaunch(AdactinHotel.java:15)
	at org.testngsmart.AdactinHotel.browserLaunch(AdactinHotel.java:15)
	at org.testngsmart.AdactinHotel.browserLaunch(AdactinHotel.java:15)
	at org.testngsmart.AdactinHotel.browserLaunch(AdactinHotel.java:15)
	at org.testngsmart.AdactinHotel.browserLaunch(AdactinHotel.java:15)
	at org.testngsmart.AdactinHotel.browserLaunch(AdactinHotel.java:15)
	at org.testngsmart.AdactinHotel.browserLaunch(AdactinHotel.java:15)
	at org.testngsmart.AdactinHotel.browserLaunch(AdactinHotel.java:15)
	at org.testngsmart.AdactinHotel.browserLaunch(AdactinHotel.java:15)
	at org.testngsmart.AdactinHotel.browserLaunch(AdactinHotel.java:15)
	at org.testngsmart.AdactinHotel.browserLaunch(AdactinHotel.java:15)
	at org.testngsmart.AdactinHotel.browserLaunch(AdactinHotel.java:15)
	at org.testngsmart.AdactinHotel.browserLaunch(AdactinHotel.java:15)
	at org.testngsmart.AdactinHotel.browserLaunch(AdactinHotel.java:15)
	at org.testngsmart.AdactinHotel.browserLaunch(AdactinHotel.java:15)
	at org.testngsmart.AdactinHotel.browserLaunch(AdactinHotel.java:15)
	at org.testngsmart.AdactinHotel.browserLaunch(AdactinHotel.java:15)
	at org.testngsmart.AdactinHotel.browserLaunch(AdactinHotel.java:15)
	at org.testngsmart.AdactinHotel.browserLaunch(AdactinHotel.java:15)
	at org.testngsmart.AdactinHotel.browserLaunch(AdactinHotel.java:15)
	at org.testngsmart.AdactinHotel.browserLaunch(AdactinHotel.java:15)
	at org.testngsmart.AdactinHotel.browserLaunch(AdactinHotel.java:15)
	at org.testngsmart.AdactinHotel.browserLaunch(AdactinHotel.java:15)
	at org.testngsmart.AdactinHotel.browserLaunch(AdactinHotel.java:15)
	at org.testngsmart.AdactinHotel.browserLaunch(AdactinHotel.java:15)
	at org.testngsmart.AdactinHotel.browserLaunch(AdactinHotel.java:15)
	at org.testngsmart.AdactinHotel.browserLaunch(AdactinHotel.java:15)
	at org.testngsmart.AdactinHotel.browserLaunch(AdactinHotel.java:15)
	at org.testngsmart.AdactinHotel.browserLaunch(AdactinHotel.java:15)
	at org.testngsmart.AdactinHotel.browserLaunch(AdactinHotel.java:15)
	at org.testngsmart.AdactinHotel.browserLaunch(AdactinHotel.java:15)
	at org.testngsmart.AdactinHotel.browserLaunch(AdactinHotel.java:15)
	at org.testngsmart.AdactinHotel.browserLaunch(AdactinHotel.java:15)
	at org.testngsmart.AdactinHotel.browserLaunch(AdactinHotel.java:15)
	at org.testngsmart.AdactinHotel.browserLaunch(AdactinHotel.java:15)
	at org.testngsmart.AdactinHotel.browserLaunch(AdactinHotel.java:15)
	at org.testngsmart.AdactinHotel.browserLaunch(AdactinHotel.java:15)
	at org.testngsmart.AdactinHotel.browserLaunch(AdactinHotel.java:15)
	at org.testngsmart.AdactinHotel.browserLaunch(AdactinHotel.java:15)
	at org.testngsmart.AdactinHotel.browserLaunch(AdactinHotel.java:15)
	at org.testngsmart.AdactinHotel.browserLaunch(AdactinHotel.java:15)
	at org.testngsmart.AdactinHotel.browserLaunch(AdactinHotel.java:15)
	at org.testngsmart.AdactinHotel.browserLaunch(AdactinHotel.java:15)
	at org.testngsmart.AdactinHotel.browserLaunch(AdactinHotel.java:15)
	at org.testngsmart.AdactinHotel.browserLaunch(AdactinHotel.java:15)
	at org.testngsmart.AdactinHotel.browserLaunch(AdactinHotel.java:15)
	at org.testngsmart.AdactinHotel.browserLaunch(AdactinHotel.java:15)
	at org.testngsmart.AdactinHotel.browserLaunch(AdactinHotel.java:15)
	at org.testngsmart.AdactinHotel.browserLaunch(AdactinHotel.java:15)
	at org.testngsmart.AdactinHotel.browserLaunch(AdactinHotel.java:15)
	at org.testngsmart.AdactinHotel.browserLaunch(AdactinHotel.java:15)
	at org.testngsmart.AdactinHotel.browserLaunch(AdactinHotel.java:15)
	at org.testngsmart.AdactinHotel.browserLaunch(AdactinHotel.java:15)
	at org.testngsmart.AdactinHotel.browserLaunch(AdactinHotel.java:15)
	at org.testngsmart.AdactinHotel.browserLaunch(AdactinHotel.java:15)
	at org.testngsmart.AdactinHotel.browserLaunch(AdactinHotel.java:15)
	at org.testngsmart.AdactinHotel.browserLaunch(AdactinHotel.java:15)
	at org.testngsmart.AdactinHotel.browserLaunch(AdactinHotel.java:15)
	at org.testngsmart.AdactinHotel.browserLaunch(AdactinHotel.java:15)
	at org.testngsmart.AdactinHotel.browserLaunch(AdactinHotel.java:15)
	at org.testngsmart.AdactinHotel.browserLaunch(AdactinHotel.java:15)
	at org.testngsmart.AdactinHotel.browserLaunch(AdactinHotel.java:15)
	at org.testngsmart.AdactinHotel.browserLaunch(AdactinHotel.java:15)
	at org.testngsmart.AdactinHotel.browserLaunch(AdactinHotel.java:15)
	at org.testngsmart.AdactinHotel.browserLaunch(AdactinHotel.java:15)
	at org.testngsmart.AdactinHotel.browserLaunch(AdactinHotel.java:15)
	at org.testngsmart.AdactinHotel.browserLaunch(AdactinHotel.java:15)
	at org.testngsmart.AdactinHotel.browserLaunch(AdactinHotel.java:15)
	at org.testngsmart.AdactinHotel.browserLaunch(AdactinHotel.java:15)
	at org.testngsmart.AdactinHotel.browserLaunch(AdactinHotel.java:15)
	at org.testngsmart.AdactinHotel.browserLaunch(AdactinHotel.java:15)
	at org.testngsmart.AdactinHotel.browserLaunch(AdactinHotel.java:15)
	at org.testngsmart.AdactinHotel.browserLaunch(AdactinHotel.java:15)
	at org.testngsmart.AdactinHotel.browserLaunch(AdactinHotel.java:15)
	at org.testngsmart.AdactinHotel.browserLaunch(AdactinHotel.java:15)
	at org.testngsmart.AdactinHotel.browserLaunch(AdactinHotel.java:15)
	at org.testngsmart.AdactinHotel.browserLaunch(AdactinHotel.java:15)
	at org.testngsmart.AdactinHotel.browserLaunch(AdactinHotel.java:15)
	at org.testngsmart.AdactinHotel.browserLaunch(AdactinHotel.java:15)
	at org.testngsmart.AdactinHotel.browserLaunch(AdactinHotel.java:15)
	at org.testngsmart.AdactinHotel.browserLaunch(AdactinHotel.java:15)
	at org.testngsmart.AdactinHotel.browserLaunch(AdactinHotel.java:15)
	at org.testngsmart.AdactinHotel.browserLaunch(AdactinHotel.java:15)
	at org.testngsmart.AdactinHotel.browserLaunch(AdactinHotel.java:15)
	at org.testngsmart.AdactinHotel.browserLaunch(AdactinHotel.java:15)
	at org.testngsmart.AdactinHotel.browserLaunch(AdactinHotel.java:15)
	at org.testngsmart.AdactinHotel.browserLaunch(AdactinHotel.java:15)
	at org.testngsmart.AdactinHotel.browserLaunch(AdactinHotel.java:15)
	at org.testngsmart.AdactinHotel.browserLaunch(AdactinHotel.java:15)
	at org.testngsmart.AdactinHotel.browserLaunch(AdactinHotel.java:15)
	at org.testngsmart.AdactinHotel.browserLaunch(AdactinHotel.java:15)
	at org.testngsmart.AdactinHotel.browserLaunch(AdactinHotel.java:15)
	at org.testngsmart.AdactinHotel.browserLaunch(AdactinHotel.java:15)
	at org.testngsmart.AdactinHotel.browserLaunch(AdactinHotel.java:15)
	at org.testngsmart.AdactinHotel.browserLaunch(AdactinHotel.java:15)
	at org.testngsmart.AdactinHotel.browserLaunch(AdactinHotel.java:15)
	at org.testngsmart.AdactinHotel.browserLaunch(AdactinHotel.java:15)
	at org.testngsmart.AdactinHotel.browserLaunch(AdactinHotel.java:15)
	at org.testngsmart.AdactinHotel.browserLaunch(AdactinHotel.java:15)
	at org.testngsmart.AdactinHotel.browserLaunch(AdactinHotel.java:15)
	at org.testngsmart.AdactinHotel.browserLaunch(AdactinHotel.java:15)
	at org.testngsmart.AdactinHotel.browserLaunch(AdactinHotel.java:15)
	at org.testngsmart.AdactinHotel.browserLaunch(AdactinHotel.java:15)
	at org.testngsmart.AdactinHotel.browserLaunch(AdactinHotel.java:15)
	at org.testngsmart.AdactinHotel.browserLaunch(AdactinHotel.java:15)
	at org.testngsmart.AdactinHotel.browserLaunch(AdactinHotel.java:15)
	at org.testngsmart.AdactinHotel.browserLaunch(AdactinHotel.java:15)
	at org.testngsmart.AdactinHotel.browserLaunch(AdactinHotel.java:15)
	at org.testngsmart.AdactinHotel.browserLaunch(AdactinHotel.java:15)
	at org.testngsmart.AdactinHotel.browserLaunch(AdactinHotel.java:15)
	at org.testngsmart.AdactinHotel.browserLaunch(AdactinHotel.java:15)
	at org.testngsmart.AdactinHotel.browserLaunch(AdactinHotel.java:15)
	at org.testngsmart.AdactinHotel.browserLaunch(AdactinHotel.java:15)
	at org.testngsmart.AdactinHotel.browserLaunch(AdactinHotel.java:15)
	at org.testngsmart.AdactinHotel.browserLaunch(AdactinHotel.java:15)
	at org.testngsmart.AdactinHotel.browserLaunch(AdactinHotel.java:15)
	at org.testngsmart.AdactinHotel.browserLaunch(AdactinHotel.java:15)
	at org.testngsmart.AdactinHotel.browserLaunch(AdactinHotel.java:15)
	at org.testngsmart.AdactinHotel.browserLaunch(AdactinHotel.java:15)
	at org.testngsmart.AdactinHotel.browserLaunch(AdactinHotel.java:15)
	at org.testngsmart.AdactinHotel.browserLaunch(AdactinHotel.java:15)
	at org.testngsmart.AdactinHotel.browserLaunch(AdactinHotel.java:15)
	at org.testngsmart.AdactinHotel.browserLaunch(AdactinHotel.java:15)
	at org.testngsmart.AdactinHotel.browserLaunch(AdactinHotel.java:15)
	at org.testngsmart.AdactinHotel.browserLaunch(AdactinHotel.java:15)
	at org.testngsmart.AdactinHotel.browserLaunch(AdactinHotel.java:15)
	at org.testngsmart.AdactinHotel.browserLaunch(AdactinHotel.java:15)
	at org.testngsmart.AdactinHotel.browserLaunch(AdactinHotel.java:15)
	at org.testngsmart.AdactinHotel.browserLaunch(AdactinHotel.java:15)
	at org.testngsmart.AdactinHotel.browserLaunch(AdactinHotel.java:15)
	at org.testngsmart.AdactinHotel.browserLaunch(AdactinHotel.java:15)
	at org.testngsmart.AdactinHotel.browserLaunch(AdactinHotel.java:15)
	at org.testngsmart.AdactinHotel.browserLaunch(AdactinHotel.java:15)
	at org.testngsmart.AdactinHotel.browserLaunch(AdactinHotel.java:15)
	at org.testngsmart.AdactinHotel.browserLaunch(AdactinHotel.java:15)
	at org.testngsmart.AdactinHotel.browserLaunch(AdactinHotel.java:15)
	at org.testngsmart.AdactinHotel.browserLaunch(AdactinHotel.java:15)
	at org.testngsmart.AdactinHotel.browserLaunch(AdactinHotel.java:15)
	at org.testngsmart.AdactinHotel.browserLaunch(AdactinHotel.java:15)
	at org.testngsmart.AdactinHotel.browserLaunch(AdactinHotel.java:15)
	at org.testngsmart.AdactinHotel.browserLaunch(AdactinHotel.java:15)
	at org.testngsmart.AdactinHotel.browserLaunch(AdactinHotel.java:15)
	at org.testngsmart.AdactinHotel.browserLaunch(AdactinHotel.java:15)
	at org.testngsmart.AdactinHotel.browserLaunch(AdactinHotel.java:15)
	at org.testngsmart.AdactinHotel.browserLaunch(AdactinHotel.java:15)
	at org.testngsmart.AdactinHotel.browserLaunch(AdactinHotel.java:15)
	at org.testngsmart.AdactinHotel.browserLaunch(AdactinHotel.java:15)
	at org.testngsmart.AdactinHotel.browserLaunch(AdactinHotel.java:15)
	at org.testngsmart.AdactinHotel.browserLaunch(AdactinHotel.java:15)
	at org.testngsmart.AdactinHotel.browserLaunch(AdactinHotel.java:15)
	at org.testngsmart.AdactinHotel.browserLaunch(AdactinHotel.java:15)
	at org.testngsmart.AdactinHotel.browserLaunch(AdactinHotel.java:15)
	at org.testngsmart.AdactinHotel.browserLaunch(AdactinHotel.java:15)
	at org.testngsmart.AdactinHotel.browserLaunch(AdactinHotel.java:15)
	at org.testngsmart.AdactinHotel.browserLaunch(AdactinHotel.java:15)
	at org.testngsmart.AdactinHotel.browserLaunch(AdactinHotel.java:15)
	at org.testngsmart.AdactinHotel.browserLaunch(AdactinHotel.java:15)
	at org.testngsmart.AdactinHotel.browserLaunch(AdactinHotel.java:15)
	at org.testngsmart.AdactinHotel.browserLaunch(AdactinHotel.java:15)
	at org.testngsmart.AdactinHotel.browserLaunch(AdactinHotel.java:15)
	at org.testngsmart.AdactinHotel.browserLaunch(AdactinHotel.java:15)
	at org.testngsmart.AdactinHotel.browserLaunch(AdactinHotel.java:15)
	at org.testngsmart.AdactinHotel.browserLaunch(AdactinHotel.java:15)
	at org.testngsmart.AdactinHotel.browserLaunch(AdactinHotel.java:15)
	at org.testngsmart.AdactinHotel.browserLaunch(AdactinHotel.java:15)
	at org.testngsmart.AdactinHotel.browserLaunch(AdactinHotel.java:15)
	at org.testngsmart.AdactinHotel.browserLaunch(AdactinHotel.java:15)
	at org.testngsmart.AdactinHotel.browserLaunch(AdactinHotel.java:15)
	at org.testngsmart.AdactinHotel.browserLaunch(AdactinHotel.java:15)
	at org.testngsmart.AdactinHotel.browserLaunch(AdactinHotel.java:15)
	at org.testngsmart.AdactinHotel.browserLaunch(AdactinHotel.java:15)
	at org.testngsmart.AdactinHotel.browserLaunch(AdactinHotel.java:15)
	at org.testngsmart.AdactinHotel.browserLaunch(AdactinHotel.java:15)
	at org.testngsmart.AdactinHotel.browserLaunch(AdactinHotel.java:15)
	at org.testngsmart.AdactinHotel.browserLaunch(AdactinHotel.java:15)
	at org.testngsmart.AdactinHotel.browserLaunch(AdactinHotel.java:15)
	at org.testngsmart.AdactinHotel.browserLaunch(AdactinHotel.java:15)
	at org.testngsmart.AdactinHotel.browserLaunch(AdactinHotel.java:15)
	at org.testngsmart.AdactinHotel.browserLaunch(AdactinHotel.java:15)
	at org.testngsmart.AdactinHotel.browserLaunch(AdactinHotel.java:15)
	at org.testngsmart.AdactinHotel.browserLaunch(AdactinHotel.java:15)
	at org.testngsmart.AdactinHotel.browserLaunch(AdactinHotel.java:15)
	at org.testngsmart.AdactinHotel.browserLaunch(AdactinHotel.java:15)
	at org.testngsmart.AdactinHotel.browserLaunch(AdactinHotel.java:15)
	at org.testngsmart.AdactinHotel.browserLaunch(AdactinHotel.java:15)
	at org.testngsmart.AdactinHotel.browserLaunch(AdactinHotel.java:15)
	at org.testngsmart.AdactinHotel.browserLaunch(AdactinHotel.java:15)
	at org.testngsmart.AdactinHotel.browserLaunch(AdactinHotel.java:15)
	at org.testngsmart.AdactinHotel.browserLaunch(AdactinHotel.java:15)
	at org.testngsmart.AdactinHotel.browserLaunch(AdactinHotel.java:15)
	at org.testngsmart.AdactinHotel.browserLaunch(AdactinHotel.java:15)
	at org.testngsmart.AdactinHotel.browserLaunch(AdactinHotel.java:15)
	at org.testngsmart.AdactinHotel.browserLaunch(AdactinHotel.java:15)
	at org.testngsmart.AdactinHotel.browserLaunch(AdactinHotel.java:15)
	at org.testngsmart.AdactinHotel.browserLaunch(AdactinHotel.java:15)
	at org.testngsmart.AdactinHotel.browserLaunch(AdactinHotel.java:15)
	at org.testngsmart.AdactinHotel.browserLaunch(AdactinHotel.java:15)
	at org.testngsmart.AdactinHotel.browserLaunch(AdactinHotel.java:15)
	at org.testngsmart.AdactinHotel.browserLaunch(AdactinHotel.java:15)
	at org.testngsmart.AdactinHotel.browserLaunch(AdactinHotel.java:15)
	at org.testngsmart.AdactinHotel.browserLaunch(AdactinHotel.java:15)
	at org.testngsmart.AdactinHotel.browserLaunch(AdactinHotel.java:15)
	at org.testngsmart.AdactinHotel.browserLaunch(AdactinHotel.java:15)
	at org.testngsmart.AdactinHotel.browserLaunch(AdactinHotel.java:15)
	at org.testngsmart.AdactinHotel.browserLaunch(AdactinHotel.java:15)
	at org.testngsmart.AdactinHotel.browserLaunch(AdactinHotel.java:15)
	at org.testngsmart.AdactinHotel.browserLaunch(AdactinHotel.java:15)
	at org.testngsmart.AdactinHotel.browserLaunch(AdactinHotel.java:15)
	at org.testngsmart.AdactinHotel.browserLaunch(AdactinHotel.java:15)
	at org.testngsmart.AdactinHotel.browserLaunch(AdactinHotel.java:15)
	at org.testngsmart.AdactinHotel.browserLaunch(AdactinHotel.java:15)
	at org.testngsmart.AdactinHotel.browserLaunch(AdactinHotel.java:15)
	at org.testngsmart.AdactinHotel.browserLaunch(AdactinHotel.java:15)
	at org.testngsmart.AdactinHotel.browserLaunch(AdactinHotel.java:15)
	at org.testngsmart.AdactinHotel.browserLaunch(AdactinHotel.java:15)
	at org.testngsmart.AdactinHotel.browserLaunch(AdactinHotel.java:15)
	at org.testngsmart.AdactinHotel.browserLaunch(AdactinHotel.java:15)
	at org.testngsmart.AdactinHotel.browserLaunch(AdactinHotel.java:15)
	at org.testngsmart.AdactinHotel.browserLaunch(AdactinHotel.java:15)
	at org.testngsmart.AdactinHotel.browserLaunch(AdactinHotel.java:15)
	at org.testngsmart.AdactinHotel.browserLaunch(AdactinHotel.java:15)
	at org.testngsmart.AdactinHotel.browserLaunch(AdactinHotel.java:15)
	at org.testngsmart.AdactinHotel.browserLaunch(AdactinHotel.java:15)
	at org.testngsmart.AdactinHotel.browserLaunch(AdactinHotel.java:15)
	at org.testngsmart.AdactinHotel.browserLaunch(AdactinHotel.java:15)
	at org.testngsmart.AdactinHotel.browserLaunch(AdactinHotel.java:15)
	at org.testngsmart.AdactinHotel.browserLaunch(AdactinHotel.java:15)
	at org.testngsmart.AdactinHotel.browserLaunch(AdactinHotel.java:15)
	at org.testngsmart.AdactinHotel.browserLaunch(AdactinHotel.java:15)
	at org.testngsmart.AdactinHotel.browserLaunch(AdactinHotel.java:15)
	at org.testngsmart.AdactinHotel.browserLaunch(AdactinHotel.java:15)
	at org.testngsmart.AdactinHotel.browserLaunch(AdactinHotel.java:15)
	at org.testngsmart.AdactinHotel.browserLaunch(AdactinHotel.java:15)
	at org.testngsmart.AdactinHotel.browserLaunch(AdactinHotel.java:15)
	at org.testngsmart.AdactinHotel.browserLaunch(AdactinHotel.java:15)
	at org.testngsmart.AdactinHotel.browserLaunch(AdactinHotel.java:15)
	at org.testngsmart.AdactinHotel.browserLaunch(AdactinHotel.java:15)
	at org.testngsmart.AdactinHotel.browserLaunch(AdactinHotel.java:15)
	at org.testngsmart.AdactinHotel.browserLaunch(AdactinHotel.java:15)
	at org.testngsmart.AdactinHotel.browserLaunch(AdactinHotel.java:15)
	at org.testngsmart.AdactinHotel.browserLaunch(AdactinHotel.java:15)
	at org.testngsmart.AdactinHotel.browserLaunch(AdactinHotel.java:15)
	at org.testngsmart.AdactinHotel.browserLaunch(AdactinHotel.java:15)
	at org.testngsmart.AdactinHotel.browserLaunch(AdactinHotel.java:15)
	at org.testngsmart.AdactinHotel.browserLaunch(AdactinHotel.java:15)
	at org.testngsmart.AdactinHotel.browserLaunch(AdactinHotel.java:15)
	at org.testngsmart.AdactinHotel.browserLaunch(AdactinHotel.java:15)
	at org.testngsmart.AdactinHotel.browserLaunch(AdactinHotel.java:15)
	at org.testngsmart.AdactinHotel.browserLaunch(AdactinHotel.java:15)
	at org.testngsmart.AdactinHotel.browserLaunch(AdactinHotel.java:15)
	at org.testngsmart.AdactinHotel.browserLaunch(AdactinHotel.java:15)
	at org.testngsmart.AdactinHotel.browserLaunch(AdactinHotel.java:15)
	at org.testngsmart.AdactinHotel.browserLaunch(AdactinHotel.java:15)
	at org.testngsmart.AdactinHotel.browserLaunch(AdactinHotel.java:15)
	at org.testngsmart.AdactinHotel.browserLaunch(AdactinHotel.java:15)
	at org.testngsmart.AdactinHotel.browserLaunch(AdactinHotel.java:15)
	at org.testngsmart.AdactinHotel.browserLaunch(AdactinHotel.java:15)
	at org.testngsmart.AdactinHotel.browserLaunch(AdactinHotel.java:15)
	at org.testngsmart.AdactinHotel.browserLaunch(AdactinHotel.java:15)
	at org.testngsmart.AdactinHotel.browserLaunch(AdactinHotel.java:15)
	at org.testngsmart.AdactinHotel.browserLaunch(AdactinHotel.java:15)
	at org.testngsmart.AdactinHotel.browserLaunch(AdactinHotel.java:15)
	at org.testngsmart.AdactinHotel.browserLaunch(AdactinHotel.java:15)
	at org.testngsmart.AdactinHotel.browserLaunch(AdactinHotel.java:15)
	at org.testngsmart.AdactinHotel.browserLaunch(AdactinHotel.java:15)
	at org.testngsmart.AdactinHotel.browserLaunch(AdactinHotel.java:15)
	at org.testngsmart.AdactinHotel.browserLaunch(AdactinHotel.java:15)
	at org.testngsmart.AdactinHotel.browserLaunch(AdactinHotel.java:15)
	at org.testngsmart.AdactinHotel.browserLaunch(AdactinHotel.java:15)
	at org.testngsmart.AdactinHotel.browserLaunch(AdactinHotel.java:15)
	at org.testngsmart.AdactinHotel.browserLaunch(AdactinHotel.java:15)
	at org.testngsmart.AdactinHotel.browserLaunch(AdactinHotel.java:15)
	at org.testngsmart.AdactinHotel.browserLaunch(AdactinHotel.java:15)
	at org.testngsmart.AdactinHotel.browserLaunch(AdactinHotel.java:15)
	at org.testngsmart.AdactinHotel.browserLaunch(AdactinHotel.java:15)
	at org.testngsmart.AdactinHotel.browserLaunch(AdactinHotel.java:15)
	at org.testngsmart.AdactinHotel.browserLaunch(AdactinHotel.java:15)
	at org.testngsmart.AdactinHotel.browserLaunch(AdactinHotel.java:15)
	at org.testngsmart.AdactinHotel.browserLaunch(AdactinHotel.java:15)
	at org.testngsmart.AdactinHotel.browserLaunch(AdactinHotel.java:15)
	at org.testngsmart.AdactinHotel.browserLaunch(AdactinHotel.java:15)
	at org.testngsmart.AdactinHotel.browserLaunch(AdactinHotel.java:15)
	at org.testngsmart.AdactinHotel.browserLaunch(AdactinHotel.java:15)
	at org.testngsmart.AdactinHotel.browserLaunch(AdactinHotel.java:15)
	at org.testngsmart.AdactinHotel.browserLaunch(AdactinHotel.java:15)
	at org.testngsmart.AdactinHotel.browserLaunch(AdactinHotel.java:15)
	at org.testngsmart.AdactinHotel.browserLaunch(AdactinHotel.java:15)
	at org.testngsmart.AdactinHotel.browserLaunch(AdactinHotel.java:15)
	at org.testngsmart.AdactinHotel.browserLaunch(AdactinHotel.java:15)
	at org.testngsmart.AdactinHotel.browserLaunch(AdactinHotel.java:15)
	at org.testngsmart.AdactinHotel.browserLaunch(AdactinHotel.java:15)
	at org.testngsmart.AdactinHotel.browserLaunch(AdactinHotel.java:15)
	at org.testngsmart.AdactinHotel.browserLaunch(AdactinHotel.java:15)
	at org.testngsmart.AdactinHotel.browserLaunch(AdactinHotel.java:15)
	at org.testngsmart.AdactinHotel.browserLaunch(AdactinHotel.java:15)
	at org.testngsmart.AdactinHotel.browserLaunch(AdactinHotel.java:15)
	at org.testngsmart.AdactinHotel.browserLaunch(AdactinHotel.java:15)
	at org.testngsmart.AdactinHotel.browserLaunch(AdactinHotel.java:15)
	at org.testngsmart.AdactinHotel.browserLaunch(AdactinHotel.java:15)
	at org.testngsmart.AdactinHotel.browserLaunch(AdactinHotel.java:15)
	at org.testngsmart.AdactinHotel.browserLaunch(AdactinHotel.java:15)
	at org.testngsmart.AdactinHotel.browserLaunch(AdactinHotel.java:15)
	at org.testngsmart.AdactinHotel.browserLaunch(AdactinHotel.java:15)
	at org.testngsmart.AdactinHotel.browserLaunch(AdactinHotel.java:15)
	at org.testngsmart.AdactinHotel.browserLaunch(AdactinHotel.java:15)
	at org.testngsmart.AdactinHotel.browserLaunch(AdactinHotel.java:15)
	at org.testngsmart.AdactinHotel.browserLaunch(AdactinHotel.java:15)
	at org.testngsmart.AdactinHotel.browserLaunch(AdactinHotel.java:15)
	at org.testngsmart.AdactinHotel.browserLaunch(AdactinHotel.java:15)
	at org.testngsmart.AdactinHotel.browserLaunch(AdactinHotel.java:15)
	at org.testngsmart.AdactinHotel.browserLaunch(AdactinHotel.java:15)
	at org.testngsmart.AdactinHotel.browserLaunch(AdactinHotel.java:15)
	at org.testngsmart.AdactinHotel.browserLaunch(AdactinHotel.java:15)
	at org.testngsmart.AdactinHotel.browserLaunch(AdactinHotel.java:15)
	at org.testngsmart.AdactinHotel.browserLaunch(AdactinHotel.java:15)
	at org.testngsmart.AdactinHotel.browserLaunch(AdactinHotel.java:15)
	at org.testngsmart.AdactinHotel.browserLaunch(AdactinHotel.java:15)
	at org.testngsmart.AdactinHotel.browserLaunch(AdactinHotel.java:15)
	at org.testngsmart.AdactinHotel.browserLaunch(AdactinHotel.java:15)
	at org.testngsmart.AdactinHotel.browserLaunch(AdactinHotel.java:15)
	at org.testngsmart.AdactinHotel.browserLaunch(AdactinHotel.java:15)
	at org.testngsmart.AdactinHotel.browserLaunch(AdactinHotel.java:15)
	at org.testngsmart.AdactinHotel.browserLaunch(AdactinHotel.java:15)
	at org.testngsmart.AdactinHotel.browserLaunch(AdactinHotel.java:15)
	at org.testngsmart.AdactinHotel.browserLaunch(AdactinHotel.java:15)
	at org.testngsmart.AdactinHotel.browserLaunch(AdactinHotel.java:15)
	at org.testngsmart.AdactinHotel.browserLaunch(AdactinHotel.java:15)
	at org.testngsmart.AdactinHotel.browserLaunch(AdactinHotel.java:15)
	at org.testngsmart.AdactinHotel.browserLaunch(AdactinHotel.java:15)
	at org.testngsmart.AdactinHotel.browserLaunch(AdactinHotel.java:15)
	at org.testngsmart.AdactinHotel.browserLaunch(AdactinHotel.java:15)
	at org.testngsmart.AdactinHotel.browserLaunch(AdactinHotel.java:15)
	at org.testngsmart.AdactinHotel.browserLaunch(AdactinHotel.java:15)
	at org.testngsmart.AdactinHotel.browserLaunch(AdactinHotel.java:15)
	at org.testngsmart.AdactinHotel.browserLaunch(AdactinHotel.java:15)
	at org.testngsmart.AdactinHotel.browserLaunch(AdactinHotel.java:15)
	at org.testngsmart.AdactinHotel.browserLaunch(AdactinHotel.java:15)
	at org.testngsmart.AdactinHotel.browserLaunch(AdactinHotel.java:15)
	at org.testngsmart.AdactinHotel.browserLaunch(AdactinHotel.java:15)
	at org.testngsmart.AdactinHotel.browserLaunch(AdactinHotel.java:15)
	at org.testngsmart.AdactinHotel.browserLaunch(AdactinHotel.java:15)
	at org.testngsmart.AdactinHotel.browserLaunch(AdactinHotel.java:15)
	at org.testngsmart.AdactinHotel.browserLaunch(AdactinHotel.java:15)
	at org.testngsmart.AdactinHotel.browserLaunch(AdactinHotel.java:15)
	at org.testngsmart.AdactinHotel.browserLaunch(AdactinHotel.java:15)
	at org.testngsmart.AdactinHotel.browserLaunch(AdactinHotel.java:15)
	at org.testngsmart.AdactinHotel.browserLaunch(AdactinHotel.java:15)
	at org.testngsmart.AdactinHotel.browserLaunch(AdactinHotel.java:15)
	at org.testngsmart.AdactinHotel.browserLaunch(AdactinHotel.java:15)
	at org.testngsmart.AdactinHotel.browserLaunch(AdactinHotel.java:15)
	at org.testngsmart.AdactinHotel.browserLaunch(AdactinHotel.java:15)
	at org.testngsmart.AdactinHotel.browserLaunch(AdactinHotel.java:15)
	at org.testngsmart.AdactinHotel.browserLaunch(AdactinHotel.java:15)
	at org.testngsmart.AdactinHotel.browserLaunch(AdactinHotel.java:15)
	at org.testngsmart.AdactinHotel.browserLaunch(AdactinHotel.java:15)
	at org.testngsmart.AdactinHotel.browserLaunch(AdactinHotel.java:15)
	at org.testngsmart.AdactinHotel.browserLaunch(AdactinHotel.java:15)
	at org.testngsmart.AdactinHotel.browserLaunch(AdactinHotel.java:15)
	at org.testngsmart.AdactinHotel.browserLaunch(AdactinHotel.java:15)
	at org.testngsmart.AdactinHotel.browserLaunch(AdactinHotel.java:15)
	at org.testngsmart.AdactinHotel.browserLaunch(AdactinHotel.java:15)
	at org.testngsmart.AdactinHotel.browserLaunch(AdactinHotel.java:15)
	at org.testngsmart.AdactinHotel.browserLaunch(AdactinHotel.java:15)
	at org.testngsmart.AdactinHotel.browserLaunch(AdactinHotel.java:15)
	at org.testngsmart.AdactinHotel.browserLaunch(AdactinHotel.java:15)
	at org.testngsmart.AdactinHotel.browserLaunch(AdactinHotel.java:15)
	at org.testngsmart.AdactinHotel.browserLaunch(AdactinHotel.java:15)
	at org.testngsmart.AdactinHotel.browserLaunch(AdactinHotel.java:15)
	at org.testngsmart.AdactinHotel.browserLaunch(AdactinHotel.java:15)
	at org.testngsmart.AdactinHotel.browserLaunch(AdactinHotel.java:15)
	at org.testngsmart.AdactinHotel.browserLaunch(AdactinHotel.java:15)
	at org.testngsmart.AdactinHotel.browserLaunch(AdactinHotel.java:15)
	at org.testngsmart.AdactinHotel.browserLaunch(AdactinHotel.java:15)
	at org.testngsmart.AdactinHotel.browserLaunch(AdactinHotel.java:15)
	at org.testngsmart.AdactinHotel.browserLaunch(AdactinHotel.java:15)
	at org.testngsmart.AdactinHotel.browserLaunch(AdactinHotel.java:15)
	at org.testngsmart.AdactinHotel.browserLaunch(AdactinHotel.java:15)
	at org.testngsmart.AdactinHotel.browserLaunch(AdactinHotel.java:15)
	at org.testngsmart.AdactinHotel.browserLaunch(AdactinHotel.java:15)
	at org.testngsmart.AdactinHotel.browserLaunch(AdactinHotel.java:15)
	at org.testngsmart.AdactinHotel.browserLaunch(AdactinHotel.java:15)
	at org.testngsmart.AdactinHotel.browserLaunch(AdactinHotel.java:15)
	at org.testngsmart.AdactinHotel.browserLaunch(AdactinHotel.java:15)
	at org.testngsmart.AdactinHotel.browserLaunch(AdactinHotel.java:15)
	at org.testngsmart.AdactinHotel.browserLaunch(AdactinHotel.java:15)
	at org.testngsmart.AdactinHotel.browserLaunch(AdactinHotel.java:15)
	at org.testngsmart.AdactinHotel.browserLaunch(AdactinHotel.java:15)
	at org.testngsmart.AdactinHotel.browserLaunch(AdactinHotel.java:15)
	at org.testngsmart.AdactinHotel.browserLaunch(AdactinHotel.java:15)
	at org.testngsmart.AdactinHotel.browserLaunch(AdactinHotel.java:15)
	at org.testngsmart.AdactinHotel.browserLaunch(AdactinHotel.java:15)
	at org.testngsmart.AdactinHotel.browserLaunch(AdactinHotel.java:15)
	at org.testngsmart.AdactinHotel.browserLaunch(AdactinHotel.java:15)
	at org.testngsmart.AdactinHotel.browserLaunch(AdactinHotel.java:15)
	at org.testngsmart.AdactinHotel.browserLaunch(AdactinHotel.java:15)
	at org.testngsmart.AdactinHotel.browserLaunch(AdactinHotel.java:15)
	at org.testngsmart.AdactinHotel.browserLaunch(AdactinHotel.java:15)
	at org.testngsmart.AdactinHotel.browserLaunch(AdactinHotel.java:15)
	at org.testngsmart.AdactinHotel.browserLaunch(AdactinHotel.java:15)
	at org.testngsmart.AdactinHotel.browserLaunch(AdactinHotel.java:15)
	at org.testngsmart.AdactinHotel.browserLaunch(AdactinHotel.java:15)
	at org.testngsmart.AdactinHotel.browserLaunch(AdactinHotel.java:15)
	at org.testngsmart.AdactinHotel.browserLaunch(AdactinHotel.java:15)
	at org.testngsmart.AdactinHotel.browserLaunch(AdactinHotel.java:15)
	at org.testngsmart.AdactinHotel.browserLaunch(AdactinHotel.java:15)
	at org.testngsmart.AdactinHotel.browserLaunch(AdactinHotel.java:15)
	at org.testngsmart.AdactinHotel.browserLaunch(AdactinHotel.java:15)
	at org.testngsmart.AdactinHotel.browserLaunch(AdactinHotel.java:15)
	at org.testngsmart.AdactinHotel.browserLaunch(AdactinHotel.java:15)
	at org.testngsmart.AdactinHotel.browserLaunch(AdactinHotel.java:15)
	at org.testngsmart.AdactinHotel.browserLaunch(AdactinHotel.java:15)
	at org.testngsmart.AdactinHotel.browserLaunch(AdactinHotel.java:15)
	at org.testngsmart.AdactinHotel.browserLaunch(AdactinHotel.java:15)
	at org.testngsmart.AdactinHotel.browserLaunch(AdactinHotel.java:15)
	at org.testngsmart.AdactinHotel.browserLaunch(AdactinHotel.java:15)
	at org.testngsmart.AdactinHotel.browserLaunch(AdactinHotel.java:15)
	at org.testngsmart.AdactinHotel.browserLaunch(AdactinHotel.java:15)
	at org.testngsmart.AdactinHotel.browserLaunch(AdactinHotel.java:15)
	at org.testngsmart.AdactinHotel.browserLaunch(AdactinHotel.java:15)
	at org.testngsmart.AdactinHotel.browserLaunch(AdactinHotel.java:15)
	at org.testngsmart.AdactinHotel.browserLaunch(AdactinHotel.java:15)
	at org.testngsmart.AdactinHotel.browserLaunch(AdactinHotel.java:15)
	at org.testngsmart.AdactinHotel.browserLaunch(AdactinHotel.java:15)
	at org.testngsmart.AdactinHotel.browserLaunch(AdactinHotel.java:15)
	at org.testngsmart.AdactinHotel.browserLaunch(AdactinHotel.java:15)
	at org.testngsmart.AdactinHotel.browserLaunch(AdactinHotel.java:15)
	at org.testngsmart.AdactinHotel.browserLaunch(AdactinHotel.java:15)
	at org.testngsmart.AdactinHotel.browserLaunch(AdactinHotel.java:15)
	at org.testngsmart.AdactinHotel.browserLaunch(AdactinHotel.java:15)
	at org.testngsmart.AdactinHotel.browserLaunch(AdactinHotel.java:15)
	at org.testngsmart.AdactinHotel.browserLaunch(AdactinHotel.java:15)
	at org.testngsmart.AdactinHotel.browserLaunch(AdactinHotel.java:15)
	at org.testngsmart.AdactinHotel.browserLaunch(AdactinHotel.java:15)
	at org.testngsmart.AdactinHotel.browserLaunch(AdactinHotel.java:15)
	at org.testngsmart.AdactinHotel.browserLaunch(AdactinHotel.java:15)
	at org.testngsmart.AdactinHotel.browserLaunch(AdactinHotel.java:15)
	at org.testngsmart.AdactinHotel.browserLaunch(AdactinHotel.java:15)
	at org.testngsmart.AdactinHotel.browserLaunch(AdactinHotel.java:15)
	at org.testngsmart.AdactinHotel.browserLaunch(AdactinHotel.java:15)
	at org.testngsmart.AdactinHotel.browserLaunch(AdactinHotel.java:15)
	at org.testngsmart.AdactinHotel.browserLaunch(AdactinHotel.java:15)
	at org.testngsmart.AdactinHotel.browserLaunch(AdactinHotel.java:15)
	at org.testngsmart.AdactinHotel.browserLaunch(AdactinHotel.java:15)
	at org.testngsmart.AdactinHotel.browserLaunch(AdactinHotel.java:15)
	at org.testngsmart.AdactinHotel.browserLaunch(AdactinHotel.java:15)
	at org.testngsmart.AdactinHotel.browserLaunch(AdactinHotel.java:15)
	at org.testngsmart.AdactinHotel.browserLaunch(AdactinHotel.java:15)
	at org.testngsmart.AdactinHotel.browserLaunch(AdactinHotel.java:15)
	at org.testngsmart.AdactinHotel.browserLaunch(AdactinHotel.java:15)
	at org.testngsmart.AdactinHotel.browserLaunch(AdactinHotel.java:15)
	at org.testngsmart.AdactinHotel.browserLaunch(AdactinHotel.java:15)
	at org.testngsmart.AdactinHotel.browserLaunch(AdactinHotel.java:15)
	at org.testngsmart.AdactinHotel.browserLaunch(AdactinHotel.java:15)
	at org.testngsmart.AdactinHotel.browserLaunch(AdactinHotel.java:15)
	at org.testngsmart.AdactinHotel.browserLaunch(AdactinHotel.java:15)
	at org.testngsmart.AdactinHotel.browserLaunch(AdactinHotel.java:15)
	at org.testngsmart.AdactinHotel.browserLaunch(AdactinHotel.java:15)
	at org.testngsmart.AdactinHotel.browserLaunch(AdactinHotel.java:15)
	at org.testngsmart.AdactinHotel.browserLaunch(AdactinHotel.java:15)
	at org.testngsmart.AdactinHotel.browserLaunch(AdactinHotel.java:15)
	at org.testngsmart.AdactinHotel.browserLaunch(AdactinHotel.java:15)
	at org.testngsmart.AdactinHotel.browserLaunch(AdactinHotel.java:15)
	at org.testngsmart.AdactinHotel.browserLaunch(AdactinHotel.java:15)
	at org.testngsmart.AdactinHotel.browserLaunch(AdactinHotel.java:15)
	at org.testngsmart.AdactinHotel.browserLaunch(AdactinHotel.java:15)
	at org.testngsmart.AdactinHotel.browserLaunch(AdactinHotel.java:15)
	at org.testngsmart.AdactinHotel.browserLaunch(AdactinHotel.java:15)
	at org.testngsmart.AdactinHotel.browserLaunch(AdactinHotel.java:15)
	at org.testngsmart.AdactinHotel.browserLaunch(AdactinHotel.java:15)
	at org.testngsmart.AdactinHotel.browserLaunch(AdactinHotel.java:15)
	at org.testngsmart.AdactinHotel.browserLaunch(AdactinHotel.java:15)
	at org.testngsmart.AdactinHotel.browserLaunch(AdactinHotel.java:15)
	at org.testngsmart.AdactinHotel.browserLaunch(AdactinHotel.java:15)
	at org.testngsmart.AdactinHotel.browserLaunch(AdactinHotel.java:15)
	at org.testngsmart.AdactinHotel.browserLaunch(AdactinHotel.java:15)
	at org.testngsmart.AdactinHotel.browserLaunch(AdactinHotel.java:15)
	at org.testngsmart.AdactinHotel.browserLaunch(AdactinHotel.java:15)
	at org.testngsmart.AdactinHotel.browserLaunch(AdactinHotel.java:15)
	at org.testngsmart.AdactinHotel.browserLaunch(AdactinHotel.java:15)
	at org.testngsmart.AdactinHotel.browserLaunch(AdactinHotel.java:15)
	at org.testngsmart.AdactinHotel.browserLaunch(AdactinHotel.java:15)
	at org.testngsmart.AdactinHotel.browserLaunch(AdactinHotel.java:15)
	at org.testngsmart.AdactinHotel.browserLaunch(AdactinHotel.java:15)
	at org.testngsmart.AdactinHotel.browserLaunch(AdactinHotel.java:15)
	at org.testngsmart.AdactinHotel.browserLaunch(AdactinHotel.java:15)
	at org.testngsmart.AdactinHotel.browserLaunch(AdactinHotel.java:15)
	at org.testngsmart.AdactinHotel.browserLaunch(AdactinHotel.java:15)
	at org.testngsmart.AdactinHotel.browserLaunch(AdactinHotel.java:15)
	at org.testngsmart.AdactinHotel.browserLaunch(AdactinHotel.java:15)
	at org.testngsmart.AdactinHotel.browserLaunch(AdactinHotel.java:15)
	at org.testngsmart.AdactinHotel.browserLaunch(AdactinHotel.java:15)
	at org.testngsmart.AdactinHotel.browserLaunch(AdactinHotel.java:15)
	at org.testngsmart.AdactinHotel.browserLaunch(AdactinHotel.java:15)
	at org.testngsmart.AdactinHotel.browserLaunch(AdactinHotel.java:15)
	at org.testngsmart.AdactinHotel.browserLaunch(AdactinHotel.java:15)
	at org.testngsmart.AdactinHotel.browserLaunch(AdactinHotel.java:15)
	at org.testngsmart.AdactinHotel.browserLaunch(AdactinHotel.java:15)
	at org.testngsmart.AdactinHotel.browserLaunch(AdactinHotel.java:15)
	at org.testngsmart.AdactinHotel.browserLaunch(AdactinHotel.java:15)
	at org.testngsmart.AdactinHotel.browserLaunch(AdactinHotel.java:15)
	at org.testngsmart.AdactinHotel.browserLaunch(AdactinHotel.java:15)
	at org.testngsmart.AdactinHotel.browserLaunch(AdactinHotel.java:15)
	at org.testngsmart.AdactinHotel.browserLaunch(AdactinHotel.java:15)
	at org.testngsmart.AdactinHotel.browserLaunch(AdactinHotel.java:15)
	at org.testngsmart.AdactinHotel.browserLaunch(AdactinHotel.java:15)
	at org.testngsmart.AdactinHotel.browserLaunch(AdactinHotel.java:15)
	at org.testngsmart.AdactinHotel.browserLaunch(AdactinHotel.java:15)
	at org.testngsmart.AdactinHotel.browserLaunch(AdactinHotel.java:15)
	at org.testngsmart.AdactinHotel.browserLaunch(AdactinHotel.java:15)
	at org.testngsmart.AdactinHotel.browserLaunch(AdactinHotel.java:15)
	at org.testngsmart.AdactinHotel.browserLaunch(AdactinHotel.java:15)
	at org.testngsmart.AdactinHotel.browserLaunch(AdactinHotel.java:15)
	at org.testngsmart.AdactinHotel.browserLaunch(AdactinHotel.java:15)
	at org.testngsmart.AdactinHotel.browserLaunch(AdactinHotel.java:15)
	at org.testngsmart.AdactinHotel.browserLaunch(AdactinHotel.java:15)
	at org.testngsmart.AdactinHotel.browserLaunch(AdactinHotel.java:15)
	at org.testngsmart.AdactinHotel.browserLaunch(AdactinHotel.java:15)
	at org.testngsmart.AdactinHotel.browserLaunch(AdactinHotel.java:15)
	at org.testngsmart.AdactinHotel.browserLaunch(AdactinHotel.java:15)
	at org.testngsmart.AdactinHotel.browserLaunch(AdactinHotel.java:15)
	at org.testngsmart.AdactinHotel.browserLaunch(AdactinHotel.java:15)
	at org.testngsmart.AdactinHotel.browserLaunch(AdactinHotel.java:15)
	at org.testngsmart.AdactinHotel.browserLaunch(AdactinHotel.java:15)
	at org.testngsmart.AdactinHotel.browserLaunch(AdactinHotel.java:15)
	at org.testngsmart.AdactinHotel.browserLaunch(AdactinHotel.java:15)
	at org.testngsmart.AdactinHotel.browserLaunch(AdactinHotel.java:15)
	at org.testngsmart.AdactinHotel.browserLaunch(AdactinHotel.java:15)
	at org.testngsmart.AdactinHotel.browserLaunch(AdactinHotel.java:15)
	at org.testngsmart.AdactinHotel.browserLaunch(AdactinHotel.java:15)
	at org.testngsmart.AdactinHotel.browserLaunch(AdactinHotel.java:15)
	at org.testngsmart.AdactinHotel.browserLaunch(AdactinHotel.java:15)
	at org.testngsmart.AdactinHotel.browserLaunch(AdactinHotel.java:15)
	at org.testngsmart.AdactinHotel.browserLaunch(AdactinHotel.java:15)
	at org.testngsmart.AdactinHotel.browserLaunch(AdactinHotel.java:15)
	at org.testngsmart.AdactinHotel.browserLaunch(AdactinHotel.java:15)
	at org.testngsmart.AdactinHotel.browserLaunch(AdactinHotel.java:15)
	at org.testngsmart.AdactinHotel.browserLaunch(AdactinHotel.java:15)
	at org.testngsmart.AdactinHotel.browserLaunch(AdactinHotel.java:15)
	at org.testngsmart.AdactinHotel.browserLaunch(AdactinHotel.java:15)
	at org.testngsmart.AdactinHotel.browserLaunch(AdactinHotel.java:15)
	at org.testngsmart.AdactinHotel.browserLaunch(AdactinHotel.java:15)
	at org.testngsmart.AdactinHotel.browserLaunch(AdactinHotel.java:15)
	at org.testngsmart.AdactinHotel.browserLaunch(AdactinHotel.java:15)
	at org.testngsmart.AdactinHotel.browserLaunch(AdactinHotel.java:15)
	at org.testngsmart.AdactinHotel.browserLaunch(AdactinHotel.java:15)
	at org.testngsmart.AdactinHotel.browserLaunch(AdactinHotel.java:15)
	at org.testngsmart.AdactinHotel.browserLaunch(AdactinHotel.java:15)
	at org.testngsmart.AdactinHotel.browserLaunch(AdactinHotel.java:15)
	at org.testngsmart.AdactinHotel.browserLaunch(AdactinHotel.java:15)
	at org.testngsmart.AdactinHotel.browserLaunch(AdactinHotel.java:15)
	at org.testngsmart.AdactinHotel.browserLaunch(AdactinHotel.java:15)
	at org.testngsmart.AdactinHotel.browserLaunch(AdactinHotel.java:15)
	at org.testngsmart.AdactinHotel.browserLaunch(AdactinHotel.java:15)
	at org.testngsmart.AdactinHotel.browserLaunch(AdactinHotel.java:15)
	at org.testngsmart.AdactinHotel.browserLaunch(AdactinHotel.java:15)
	at org.testngsmart.AdactinHotel.browserLaunch(AdactinHotel.java:15)
	at org.testngsmart.AdactinHotel.browserLaunch(AdactinHotel.java:15)
	at org.testngsmart.AdactinHotel.browserLaunch(AdactinHotel.java:15)
	at org.testngsmart.AdactinHotel.browserLaunch(AdactinHotel.java:15)
	at org.testngsmart.AdactinHotel.browserLaunch(AdactinHotel.java:15)
	at org.testngsmart.AdactinHotel.browserLaunch(AdactinHotel.java:15)
	at org.testngsmart.AdactinHotel.browserLaunch(AdactinHotel.java:15)
	at org.testngsmart.AdactinHotel.browserLaunch(AdactinHotel.java:15)
	at org.testngsmart.AdactinHotel.browserLaunch(AdactinHotel.java:15)
	at org.testngsmart.AdactinHotel.browserLaunch(AdactinHotel.java:15)
	at org.testngsmart.AdactinHotel.browserLaunch(AdactinHotel.java:15)
	at org.testngsmart.AdactinHotel.browserLaunch(AdactinHotel.java:15)
	at org.testngsmart.AdactinHotel.browserLaunch(AdactinHotel.java:15)
	at org.testngsmart.AdactinHotel.browserLaunch(AdactinHotel.java:15)
	at org.testngsmart.AdactinHotel.browserLaunch(AdactinHotel.java:15)
	at org.testngsmart.AdactinHotel.browserLaunch(AdactinHotel.java:15)
	at org.testngsmart.AdactinHotel.browserLaunch(AdactinHotel.java:15)
	at org.testngsmart.AdactinHotel.browserLaunch(AdactinHotel.java:15)
	at org.testngsmart.AdactinHotel.browserLaunch(AdactinHotel.java:15)
	at org.testngsmart.AdactinHotel.browserLaunch(AdactinHotel.java:15)
	at org.testngsmart.AdactinHotel.browserLaunch(AdactinHotel.java:15)
	at org.testngsmart.AdactinHotel.browserLaunch(AdactinHotel.java:15)
	at org.testngsmart.AdactinHotel.browserLaunch(AdactinHotel.java:15)
	at org.testngsmart.AdactinHotel.browserLaunch(AdactinHotel.java:15)
	at org.testngsmart.AdactinHotel.browserLaunch(AdactinHotel.java:15)
	at org.testngsmart.AdactinHotel.browserLaunch(AdactinHotel.java:15)
	at org.testngsmart.AdactinHotel.browserLaunch(AdactinHotel.java:15)
	at org.testngsmart.AdactinHotel.browserLaunch(AdactinHotel.java:15)
	at org.testngsmart.AdactinHotel.browserLaunch(AdactinHotel.java:15)
	at org.testngsmart.AdactinHotel.browserLaunch(AdactinHotel.java:15)
	at org.testngsmart.AdactinHotel.browserLaunch(AdactinHotel.java:15)
	at org.testngsmart.AdactinHotel.browserLaunch(AdactinHotel.java:15)
	at org.testngsmart.AdactinHotel.browserLaunch(AdactinHotel.java:15)
	at org.testngsmart.AdactinHotel.browserLaunch(AdactinHotel.java:15)
	at org.testngsmart.AdactinHotel.browserLaunch(AdactinHotel.java:15)
	at org.testngsmart.AdactinHotel.browserLaunch(AdactinHotel.java:15)
	at org.testngsmart.AdactinHotel.browserLaunch(AdactinHotel.java:15)
	at org.testngsmart.AdactinHotel.browserLaunch(AdactinHotel.java:15)
	at org.testngsmart.AdactinHotel.browserLaunch(AdactinHotel.java:15)
	at org.testngsmart.AdactinHotel.browserLaunch(AdactinHotel.java:15)
	at org.testngsmart.AdactinHotel.browserLaunch(AdactinHotel.java:15)
	at org.testngsmart.AdactinHotel.browserLaunch(AdactinHotel.java:15)
	at org.testngsmart.AdactinHotel.browserLaunch(AdactinHotel.java:15)
	at org.testngsmart.AdactinHotel.browserLaunch(AdactinHotel.java:15)
	at org.testngsmart.AdactinHotel.browserLaunch(AdactinHotel.java:15)
	at org.testngsmart.AdactinHotel.browserLaunch(AdactinHotel.java:15)
	at org.testngsmart.AdactinHotel.browserLaunch(AdactinHotel.java:15)
	at org.testngsmart.AdactinHotel.browserLaunch(AdactinHotel.java:15)
	at org.testngsmart.AdactinHotel.browserLaunch(AdactinHotel.java:15)
	at org.testngsmart.AdactinHotel.browserLaunch(AdactinHotel.java:15)
	at org.testngsmart.AdactinHotel.browserLaunch(AdactinHotel.java:15)
	at org.testngsmart.AdactinHotel.browserLaunch(AdactinHotel.java:15)
	at org.testngsmart.AdactinHotel.browserLaunch(AdactinHotel.java:15)
	at org.testngsmart.AdactinHotel.browserLaunch(AdactinHotel.java:15)
	at org.testngsmart.AdactinHotel.browserLaunch(AdactinHotel.java:15)
	at org.testngsmart.AdactinHotel.browserLaunch(AdactinHotel.java:15)
	at org.testngsmart.AdactinHotel.browserLaunch(AdactinHotel.java:15)
	at org.testngsmart.AdactinHotel.browserLaunch(AdactinHotel.java:15)
	at org.testngsmart.AdactinHotel.browserLaunch(AdactinHotel.java:15)
	at org.testngsmart.AdactinHotel.browserLaunch(AdactinHotel.java:15)
	at org.testngsmart.AdactinHotel.browserLaunch(AdactinHotel.java:15)
	at org.testngsmart.AdactinHotel.browserLaunch(AdactinHotel.java:15)
	at org.testngsmart.AdactinHotel.browserLaunch(AdactinHotel.java:15)
	at org.testngsmart.AdactinHotel.browserLaunch(AdactinHotel.java:15)
	at org.testngsmart.AdactinHotel.browserLaunch(AdactinHotel.java:15)
	at org.testngsmart.AdactinHotel.browserLaunch(AdactinHotel.java:15)
	at org.testngsmart.AdactinHotel.browserLaunch(AdactinHotel.java:15)
	at org.testngsmart.AdactinHotel.browserLaunch(AdactinHotel.java:15)
	at org.testngsmart.AdactinHotel.browserLaunch(AdactinHotel.java:15)
	at org.testngsmart.AdactinHotel.browserLaunch(AdactinHotel.java:15)
	at org.testngsmart.AdactinHotel.browserLaunch(AdactinHotel.java:15)
	at org.testngsmart.AdactinHotel.browserLaunch(AdactinHotel.java:15)
	at org.testngsmart.AdactinHotel.browserLaunch(AdactinHotel.java:15)
	at org.testngsmart.AdactinHotel.browserLaunch(AdactinHotel.java:15)
	at org.testngsmart.AdactinHotel.browserLaunch(AdactinHotel.java:15)
	at org.testngsmart.AdactinHotel.browserLaunch(AdactinHotel.java:15)
	at org.testngsmart.AdactinHotel.browserLaunch(AdactinHotel.java:15)
	at org.testngsmart.AdactinHotel.browserLaunch(AdactinHotel.java:15)
	at org.testngsmart.AdactinHotel.browserLaunch(AdactinHotel.java:15)
	at org.testngsmart.AdactinHotel.browserLaunch(AdactinHotel.java:15)
	at org.testngsmart.AdactinHotel.browserLaunch(AdactinHotel.java:15)
	at org.testngsmart.AdactinHotel.browserLaunch(AdactinHotel.java:15)
	at org.testngsmart.AdactinHotel.browserLaunch(AdactinHotel.java:15)
	at org.testngsmart.AdactinHotel.browserLaunch(AdactinHotel.java:15)
	at org.testngsmart.AdactinHotel.browserLaunch(AdactinHotel.java:15)
	at org.testngsmart.AdactinHotel.browserLaunch(AdactinHotel.java:15)
	at org.testngsmart.AdactinHotel.browserLaunch(AdactinHotel.java:15)
	at org.testngsmart.AdactinHotel.browserLaunch(AdactinHotel.java:15)
	at org.testngsmart.AdactinHotel.browserLaunch(AdactinHotel.java:15)
	at org.testngsmart.AdactinHotel.browserLaunch(AdactinHotel.java:15)
	at org.testngsmart.AdactinHotel.browserLaunch(AdactinHotel.java:15)
	at org.testngsmart.AdactinHotel.browserLaunch(AdactinHotel.java:15)
	at org.testngsmart.AdactinHotel.browserLaunch(AdactinHotel.java:15)
	at org.testngsmart.AdactinHotel.browserLaunch(AdactinHotel.java:15)
	at org.testngsmart.AdactinHotel.browserLaunch(AdactinHotel.java:15)
	at org.testngsmart.AdactinHotel.browserLaunch(AdactinHotel.java:15)
	at org.testngsmart.AdactinHotel.browserLaunch(AdactinHotel.java:15)
	at org.testngsmart.AdactinHotel.browserLaunch(AdactinHotel.java:15)
	at org.testngsmart.AdactinHotel.browserLaunch(AdactinHotel.java:15)
	at org.testngsmart.AdactinHotel.browserLaunch(AdactinHotel.java:15)
	at org.testngsmart.AdactinHotel.browserLaunch(AdactinHotel.java:15)
	at org.testngsmart.AdactinHotel.browserLaunch(AdactinHotel.java:15)
	at org.testngsmart.AdactinHotel.browserLaunch(AdactinHotel.java:15)
	at org.testngsmart.AdactinHotel.browserLaunch(AdactinHotel.java:15)
	at org.testngsmart.AdactinHotel.browserLaunch(AdactinHotel.java:15)
	at org.testngsmart.AdactinHotel.browserLaunch(AdactinHotel.java:15)
	at org.testngsmart.AdactinHotel.browserLaunch(AdactinHotel.java:15)
	at org.testngsmart.AdactinHotel.browserLaunch(AdactinHotel.java:15)
	at org.testngsmart.AdactinHotel.browserLaunch(AdactinHotel.java:15)
	at org.testngsmart.AdactinHotel.browserLaunch(AdactinHotel.java:15)
	at org.testngsmart.AdactinHotel.browserLaunch(AdactinHotel.java:15)
	at org.testngsmart.AdactinHotel.browserLaunch(AdactinHotel.java:15)
	at org.testngsmart.AdactinHotel.browserLaunch(AdactinHotel.java:15)
	at org.testngsmart.AdactinHotel.browserLaunch(AdactinHotel.java:15)
	at org.testngsmart.AdactinHotel.browserLaunch(AdactinHotel.java:15)
	at org.testngsmart.AdactinHotel.browserLaunch(AdactinHotel.java:15)
	at org.testngsmart.AdactinHotel.browserLaunch(AdactinHotel.java:15)
	at org.testngsmart.AdactinHotel.browserLaunch(AdactinHotel.java:15)
	at org.testngsmart.AdactinHotel.browserLaunch(AdactinHotel.java:15)
	at org.testngsmart.AdactinHotel.browserLaunch(AdactinHotel.java:15)
	at org.testngsmart.AdactinHotel.browserLaunch(AdactinHotel.java:15)
	at org.testngsmart.AdactinHotel.browserLaunch(AdactinHotel.java:15)
	at org.testngsmart.AdactinHotel.browserLaunch(AdactinHotel.java:15)
	at org.testngsmart.AdactinHotel.browserLaunch(AdactinHotel.java:15)
	at org.testngsmart.AdactinHotel.browserLaunch(AdactinHotel.java:15)
	at org.testngsmart.AdactinHotel.browserLaunch(AdactinHotel.java:15)
	at org.testngsmart.AdactinHotel.browserLaunch(AdactinHotel.java:15)
	at org.testngsmart.AdactinHotel.browserLaunch(AdactinHotel.java:15)
	at org.testngsmart.AdactinHotel.browserLaunch(AdactinHotel.java:15)
	at org.testngsmart.AdactinHotel.browserLaunch(AdactinHotel.java:15)
	at org.testngsmart.AdactinHotel.browserLaunch(AdactinHotel.java:15)
	at org.testngsmart.AdactinHotel.browserLaunch(AdactinHotel.java:15)
	at org.testngsmart.AdactinHotel.browserLaunch(AdactinHotel.java:15)
	at org.testngsmart.AdactinHotel.browserLaunch(AdactinHotel.java:15)
	at org.testngsmart.AdactinHotel.browserLaunch(AdactinHotel.java:15)
	at org.testngsmart.AdactinHotel.browserLaunch(AdactinHotel.java:15)
	at org.testngsmart.AdactinHotel.browserLaunch(AdactinHotel.java:15)
	at org.testngsmart.AdactinHotel.browserLaunch(AdactinHotel.java:15)
	at org.testngsmart.AdactinHotel.browserLaunch(AdactinHotel.java:15)
	at org.testngsmart.AdactinHotel.browserLaunch(AdactinHotel.java:15)
	at org.testngsmart.AdactinHotel.browserLaunch(AdactinHotel.java:15)
	at org.testngsmart.AdactinHotel.browserLaunch(AdactinHotel.java:15)
	at org.testngsmart.AdactinHotel.browserLaunch(AdactinHotel.java:15)
	at org.testngsmart.AdactinHotel.browserLaunch(AdactinHotel.java:15)
	at org.testngsmart.AdactinHotel.browserLaunch(AdactinHotel.java:15)
	at org.testngsmart.AdactinHotel.browserLaunch(AdactinHotel.java:15)
	at org.testngsmart.AdactinHotel.browserLaunch(AdactinHotel.java:15)
	at org.testngsmart.AdactinHotel.browserLaunch(AdactinHotel.java:15)
	at org.testngsmart.AdactinHotel.browserLaunch(AdactinHotel.java:15)
	at org.testngsmart.AdactinHotel.browserLaunch(AdactinHotel.java:15)
	at org.testngsmart.AdactinHotel.browserLaunch(AdactinHotel.java:15)
	at org.testngsmart.AdactinHotel.browserLaunch(AdactinHotel.java:15)
	at org.testngsmart.AdactinHotel.browserLaunch(AdactinHotel.java:15)
	at org.testngsmart.AdactinHotel.browserLaunch(AdactinHotel.java:15)
	at org.testngsmart.AdactinHotel.browserLaunch(AdactinHotel.java:15)
	at org.testngsmart.AdactinHotel.browserLaunch(AdactinHotel.java:15)
	at org.testngsmart.AdactinHotel.browserLaunch(AdactinHotel.java:15)
	at org.testngsmart.AdactinHotel.browserLaunch(AdactinHotel.java:15)
	at org.testngsmart.AdactinHotel.browserLaunch(AdactinHotel.java:15)
	at org.testngsmart.AdactinHotel.browserLaunch(AdactinHotel.java:15)
	at org.testngsmart.AdactinHotel.browserLaunch(AdactinHotel.java:15)
	at org.testngsmart.AdactinHotel.browserLaunch(AdactinHotel.java:15)
	at org.testngsmart.AdactinHotel.browserLaunch(AdactinHotel.java:15)
	at org.testngsmart.AdactinHotel.browserLaunch(AdactinHotel.java:15)
	at org.testngsmart.AdactinHotel.browserLaunch(AdactinHotel.java:15)
	at org.testngsmart.AdactinHotel.browserLaunch(AdactinHotel.java:15)
	at org.testngsmart.AdactinHotel.browserLaunch(AdactinHotel.java:15)
	at org.testngsmart.AdactinHotel.browserLaunch(AdactinHotel.java:15)
	at org.testngsmart.AdactinHotel.browserLaunch(AdactinHotel.java:15)
	at org.testngsmart.AdactinHotel.browserLaunch(AdactinHotel.java:15)
	at org.testngsmart.AdactinHotel.browserLaunch(AdactinHotel.java:15)
	at org.testngsmart.AdactinHotel.browserLaunch(AdactinHotel.java:15)
	at org.testngsmart.AdactinHotel.browserLaunch(AdactinHotel.java:15)
	at org.testngsmart.AdactinHotel.browserLaunch(AdactinHotel.java:15)
	at org.testngsmart.AdactinHotel.browserLaunch(AdactinHotel.java:15)
	at org.testngsmart.AdactinHotel.browserLaunch(AdactinHotel.java:15)
	at org.testngsmart.AdactinHotel.browserLaunch(AdactinHotel.java:15)
	at org.testngsmart.AdactinHotel.browserLaunch(AdactinHotel.java:15)
	at org.testngsmart.AdactinHotel.browserLaunch(AdactinHotel.java:15)
	at org.testngsmart.AdactinHotel.browserLaunch(AdactinHotel.java:15)
	at org.testngsmart.AdactinHotel.browserLaunch(AdactinHotel.java:15)
	at org.testngsmart.AdactinHotel.browserLaunch(AdactinHotel.java:15)
	at org.testngsmart.AdactinHotel.browserLaunch(AdactinHotel.java:15)
	at org.testngsmart.AdactinHotel.browserLaunch(AdactinHotel.java:15)
	at org.testngsmart.AdactinHotel.browserLaunch(AdactinHotel.java:15)
	at org.testngsmart.AdactinHotel.browserLaunch(AdactinHotel.java:15)
	at org.testngsmart.AdactinHotel.browserLaunch(AdactinHotel.java:15)
	at org.testngsmart.AdactinHotel.browserLaunch(AdactinHotel.java:15)
	at org.testngsmart.AdactinHotel.browserLaunch(AdactinHotel.java:15)
	at org.testngsmart.AdactinHotel.browserLaunch(AdactinHotel.java:15)
	at org.testngsmart.AdactinHotel.browserLaunch(AdactinHotel.java:15)
	at org.testngsmart.AdactinHotel.browserLaunch(AdactinHotel.java:15)
	at org.testngsmart.AdactinHotel.browserLaunch(AdactinHotel.java:15)
	at org.testngsmart.AdactinHotel.browserLaunch(AdactinHotel.java:15)
	at org.testngsmart.AdactinHotel.browserLaunch(AdactinHotel.java:15)
	at org.testngsmart.AdactinHotel.browserLaunch(AdactinHotel.java:15)
	at org.testngsmart.AdactinHotel.browserLaunch(AdactinHotel.java:15)
	at org.testngsmart.AdactinHotel.browserLaunch(AdactinHotel.java:15)
	at org.testngsmart.AdactinHotel.browserLaunch(AdactinHotel.java:15)
	at org.testngsmart.AdactinHotel.browserLaunch(AdactinHotel.java:15)
	at org.testngsmart.AdactinHotel.browserLaunch(AdactinHotel.java:15)
	at org.testngsmart.AdactinHotel.browserLaunch(AdactinHotel.java:15)
	at org.testngsmart.AdactinHotel.browserLaunch(AdactinHotel.java:15)
	at org.testngsmart.AdactinHotel.browserLaunch(AdactinHotel.java:15)
	at org.testngsmart.AdactinHotel.browserLaunch(AdactinHotel.java:15)
	at org.testngsmart.AdactinHotel.browserLaunch(AdactinHotel.java:15)
	at org.testngsmart.AdactinHotel.browserLaunch(AdactinHotel.java:15)
	at org.testngsmart.AdactinHotel.browserLaunch(AdactinHotel.java:15)
	at org.testngsmart.AdactinHotel.browserLaunch(AdactinHotel.java:15)
	at org.testngsmart.AdactinHotel.browserLaunch(AdactinHotel.java:15)
	at org.testngsmart.AdactinHotel.browserLaunch(AdactinHotel.java:15)
	at org.testngsmart.AdactinHotel.browserLaunch(AdactinHotel.java:15)
	at org.testngsmart.AdactinHotel.browserLaunch(AdactinHotel.java:15)
	at org.testngsmart.AdactinHotel.browserLaunch(AdactinHotel.java:15)
	at org.testngsmart.AdactinHotel.browserLaunch(AdactinHotel.java:15)
	at org.testngsmart.AdactinHotel.browserLaunch(AdactinHotel.java:15)
	at org.testngsmart.AdactinHotel.browserLaunch(AdactinHotel.java:15)
	at org.testngsmart.AdactinHotel.browserLaunch(AdactinHotel.java:15)
	at org.testngsmart.AdactinHotel.browserLaunch(AdactinHotel.java:15)
	at org.testngsmart.AdactinHotel.browserLaunch(AdactinHotel.java:15)
	at org.testngsmart.AdactinHotel.browserLaunch(AdactinHotel.java:15)
	at org.testngsmart.AdactinHotel.browserLaunch(AdactinHotel.java:15)
	at org.testngsmart.AdactinHotel.browserLaunch(AdactinHotel.java:15)
	at org.testngsmart.AdactinHotel.browserLaunch(AdactinHotel.java:15)
	at org.testngsmart.AdactinHotel.browserLaunch(AdactinHotel.java:15)
	at org.testngsmart.AdactinHotel.browserLaunch(AdactinHotel.java:15)
	at org.testngsmart.AdactinHotel.browserLaunch(AdactinHotel.java:15)
	at org.testngsmart.AdactinHotel.browserLaunch(AdactinHotel.java:15)
	at org.testngsmart.AdactinHotel.browserLaunch(AdactinHotel.java:15)
	at org.testngsmart.AdactinHotel.browserLaunch(AdactinHotel.java:15)
	at org.testngsmart.AdactinHotel.browserLaunch(AdactinHotel.java:15)
	at org.testngsmart.AdactinHotel.browserLaunch(AdactinHotel.java:15)
	at org.testngsmart.AdactinHotel.browserLaunch(AdactinHotel.java:15)
	at org.testngsmart.AdactinHotel.browserLaunch(AdactinHotel.java:15)
	at org.testngsmart.AdactinHotel.browserLaunch(AdactinHotel.java:15)
	at org.testngsmart.AdactinHotel.browserLaunch(AdactinHotel.java:15)
	at org.testngsmart.AdactinHotel.browserLaunch(AdactinHotel.java:15)
	at org.testngsmart.AdactinHotel.browserLaunch(AdactinHotel.java:15)
	at org.testngsmart.AdactinHotel.browserLaunch(AdactinHotel.java:15)
	at org.testngsmart.AdactinHotel.browserLaunch(AdactinHotel.java:15)
	at org.testngsmart.AdactinHotel.browserLaunch(AdactinHotel.java:15)
	at org.testngsmart.AdactinHotel.browserLaunch(AdactinHotel.java:15)
	at org.testngsmart.AdactinHotel.browserLaunch(AdactinHotel.java:15)
	at org.testngsmart.AdactinHotel.browserLaunch(AdactinHotel.java:15)
	at org.testngsmart.AdactinHotel.browserLaunch(AdactinHotel.java:15)
	at org.testngsmart.AdactinHotel.browserLaunch(AdactinHotel.java:15)
	at org.testngsmart.AdactinHotel.browserLaunch(AdactinHotel.java:15)
	at org.testngsmart.AdactinHotel.browserLaunch(AdactinHotel.java:15)
	at org.testngsmart.AdactinHotel.browserLaunch(AdactinHotel.java:15)
	at org.testngsmart.AdactinHotel.browserLaunch(AdactinHotel.java:15)
	at org.testngsmart.AdactinHotel.browserLaunch(AdactinHotel.java:15)
	at org.testngsmart.AdactinHotel.browserLaunch(AdactinHotel.java:15)
	at org.testngsmart.AdactinHotel.browserLaunch(AdactinHotel.java:15)
	at org.testngsmart.AdactinHotel.browserLaunch(AdactinHotel.java:15)
	at org.testngsmart.AdactinHotel.browserLaunch(AdactinHotel.java:15)
	at org.testngsmart.AdactinHotel.browserLaunch(AdactinHotel.java:15)
	at org.testngsmart.AdactinHotel.browserLaunch(AdactinHotel.java:15)
	at org.testngsmart.AdactinHotel.browserLaunch(AdactinHotel.java:15)
	at org.testngsmart.AdactinHotel.browserLaunch(AdactinHotel.java:15)
	at org.testngsmart.AdactinHotel.browserLaunch(AdactinHotel.java:15)
	at org.testngsmart.AdactinHotel.browserLaunch(AdactinHotel.java:15)
	at org.testngsmart.AdactinHotel.browserLaunch(AdactinHotel.java:15)
	at org.testngsmart.AdactinHotel.browserLaunch(AdactinHotel.java:15)
	at org.testngsmart.AdactinHotel.browserLaunch(AdactinHotel.java:15)
	at org.testngsmart.AdactinHotel.browserLaunch(AdactinHotel.java:15)
	at org.testngsmart.AdactinHotel.browserLaunch(AdactinHotel.java:15)
	at org.testngsmart.AdactinHotel.browserLaunch(AdactinHotel.java:15)
	at org.testngsmart.AdactinHotel.browserLaunch(AdactinHotel.java:15)
	at org.testngsmart.AdactinHotel.browserLaunch(AdactinHotel.java:15)
	at org.testngsmart.AdactinHotel.browserLaunch(AdactinHotel.java:15)
	at org.testngsmart.AdactinHotel.browserLaunch(AdactinHotel.java:15)
	at org.testngsmart.AdactinHotel.browserLaunch(AdactinHotel.java:15)
	at org.testngsmart.AdactinHotel.browserLaunch(AdactinHotel.java:15)
	at org.testngsmart.AdactinHotel.browserLaunch(AdactinHotel.java:15)
	at org.testngsmart.AdactinHotel.browserLaunch(AdactinHotel.java:15)
	at org.testngsmart.AdactinHotel.browserLaunch(AdactinHotel.java:15)
	at org.testngsmart.AdactinHotel.browserLaunch(AdactinHotel.java:15)
	at org.testngsmart.AdactinHotel.browserLaunch(AdactinHotel.java:15)
	at org.testngsmart.AdactinHotel.browserLaunch(AdactinHotel.java:15)
	at org.testngsmart.AdactinHotel.browserLaunch(AdactinHotel.java:15)
	at org.testngsmart.AdactinHotel.browserLaunch(AdactinHotel.java:15)
	at org.testngsmart.AdactinHotel.browserLaunch(AdactinHotel.java:15)
	at org.testngsmart.AdactinHotel.browserLaunch(AdactinHotel.java:15)
]]>
    </error>
  </testcase> <!-- browserLaunch -->
</testsuite> <!-- org.testngsmart.AdactinHotel -->
