<?xml version="1.0" encoding="UTF-8"?>
<!-- Generated by org.testng.reporters.JUnitReportReporter -->
<testsuite name="org.testngsmart.Sample" tests="2" time="0.021" ignored="0" failures="0" timestamp="12 Jan 2024 08:34:10 GMT" skipped="0" hostname="DESKTOP-D0IPNU4" errors="0">
  <testcase name="myTest" time="0.019" classname="org.testngsmart.Sample"/>
  <testcase name="myTest" time="0.002" classname="org.testngsmart.Sample"/>
</testsuite> <!-- org.testngsmart.Sample -->
