<?xml version="1.0" encoding="UTF-8"?>
<!-- Generated by org.testng.reporters.JUnitReportReporter -->
<testsuite name="org.testngsmart.Sample1" tests="1" time="0.019" ignored="0" failures="0" timestamp="13 Jan 2024 09:41:25 GMT" skipped="0" hostname="DESKTOP-D0IPNU4" errors="0">
  <testcase name="tc1" time="0.019" classname="org.testngsmart.Sample1"/>
</testsuite> <!-- org.testngsmart.Sample1 -->
